<html>
<head>
<title>TestNG:  restassured</title>
<link href="../testng.css" rel="stylesheet" type="text/css" />
<link href="../my-testng.css" rel="stylesheet" type="text/css" />

<style type="text/css">
.log { display: none;} 
.stack-trace { display: none;} 
</style>
<script type="text/javascript">
<!--
function flip(e) {
  current = e.style.display;
  if (current == 'block') {
    e.style.display = 'none';
    return 0;
  }
  else {
    e.style.display = 'block';
    return 1;
  }
}

function toggleBox(szDivId, elem, msg1, msg2)
{
  var res = -1;  if (document.getElementById) {
    res = flip(document.getElementById(szDivId));
  }
  else if (document.all) {
    // this is the way old msie versions work
    res = flip(document.all[szDivId]);
  }
  if(elem) {
    if(res == 0) elem.innerHTML = msg1; else elem.innerHTML = msg2;
  }

}

function toggleAllBoxes() {
  if (document.getElementsByTagName) {
    d = document.getElementsByTagName('div');
    for (i = 0; i < d.length; i++) {
      if (d[i].className == 'log') {
        flip(d[i]);
      }
    }
  }
}

// -->
</script>

</head>
<body>
<h2 align='center'>restassured</h2><table border='1' align="center">
<tr>
<td>Tests passed/Failed/Skipped:</td><td>18/15/0</td>
</tr><tr>
<td>Started on:</td><td>Tue Sep 24 00:00:42 IST 2019</td>
</tr>
<tr><td>Total time:</td><td>73 seconds (73363 ms)</td>
</tr><tr>
<td>Included groups:</td><td></td>
</tr><tr>
<td>Excluded groups:</td><td></td>
</tr>
</table><p/>
<small><i>(Hover the method name to see the test class name)</i></small><p/>
<table width='100%' border='1' class='invocation-failed'>
<tr><td colspan='4' align='center'><b>FAILED TESTS</b></td></tr>
<tr><td><b>Test method</b></td>
<td width="30%"><b>Exception</b></td>
<td width="10%"><b>Time (seconds)</b></td>
<td><b>Instance</b></td>
</tr>
<tr>
<td title='com.employeeapi.testcases.TC003_POST_EMPLOYEES_RECORD.checkContentEncoding()'><b>checkContentEncoding</b><br>Test class: com.employeeapi.testcases.TC003_POST_EMPLOYEES_RECORD</td>
<td><div><pre>java.lang.AssertionError: expected [gzip] but found [null]
	at com.employeeapi.testcases.TC003_POST_EMPLOYEES_RECORD.checkContentEncoding(TC003_POST_EMPLOYEES_RECORD.java:80)
... Removed 31 stack frames</pre></div><a href='#' onClick='toggleBox("stack-trace1881585646", this, "Click to show all stack frames", "Click to hide stack frames")'>Click to show all stack frames</a>
<div class='stack-trace' id='stack-trace1881585646'><pre>java.lang.AssertionError: expected [gzip] but found [null]
	at org.testng.Assert.fail(Assert.java:94)
	at org.testng.Assert.failNotEquals(Assert.java:513)
	at org.testng.Assert.assertEqualsImpl(Assert.java:130)
	at org.testng.Assert.assertEquals(Assert.java:116)
	at org.testng.Assert.assertEquals(Assert.java:190)
	at org.testng.Assert.assertEquals(Assert.java:200)
	at com.employeeapi.testcases.TC003_POST_EMPLOYEES_RECORD.checkContentEncoding(TC003_POST_EMPLOYEES_RECORD.java:80)
	at java.base/jdk.internal.reflect.NativeMethodAccessorImpl.invoke0(Native Method)
	at java.base/jdk.internal.reflect.NativeMethodAccessorImpl.invoke(NativeMethodAccessorImpl.java:62)
	at java.base/jdk.internal.reflect.DelegatingMethodAccessorImpl.invoke(DelegatingMethodAccessorImpl.java:43)
	at java.base/java.lang.reflect.Method.invoke(Method.java:566)
	at org.testng.internal.MethodInvocationHelper.invokeMethod(MethodInvocationHelper.java:104)
	at org.testng.internal.Invoker.invokeMethod(Invoker.java:645)
	at org.testng.internal.Invoker.invokeTestMethod(Invoker.java:851)
	at org.testng.internal.Invoker.invokeTestMethods(Invoker.java:1177)
	at org.testng.internal.TestMethodWorker.invokeTestMethods(TestMethodWorker.java:129)
	at org.testng.internal.TestMethodWorker.run(TestMethodWorker.java:112)
	at org.testng.TestRunner.privateRun(TestRunner.java:756)
	at org.testng.TestRunner.run(TestRunner.java:610)
	at org.testng.SuiteRunner.runTest(SuiteRunner.java:387)
	at org.testng.SuiteRunner.runSequentially(SuiteRunner.java:382)
	at org.testng.SuiteRunner.privateRun(SuiteRunner.java:340)
	at org.testng.SuiteRunner.run(SuiteRunner.java:289)
	at org.testng.SuiteRunnerWorker.runSuite(SuiteRunnerWorker.java:52)
	at org.testng.SuiteRunnerWorker.run(SuiteRunnerWorker.java:86)
	at org.testng.TestNG.runSuitesSequentially(TestNG.java:1293)
	at org.testng.TestNG.runSuitesLocally(TestNG.java:1218)
	at org.testng.TestNG.runSuites(TestNG.java:1133)
	at org.testng.TestNG.run(TestNG.java:1104)
	at org.testng.remote.AbstractRemoteTestNG.run(AbstractRemoteTestNG.java:115)
	at org.testng.remote.RemoteTestNG.initAndRun(RemoteTestNG.java:251)
	at org.testng.remote.RemoteTestNG.main(RemoteTestNG.java:77)
</pre></div></td>
<td>0</td>
<td>com.employeeapi.testcases.TC003_POST_EMPLOYEES_RECORD@7817fd62</td></tr>
<tr>
<td title='com.employeeapi.testcases.TC005_PUT_EMPLOYEES_RECORD.checkContentEncoding()'><b>checkContentEncoding</b><br>Test class: com.employeeapi.testcases.TC005_PUT_EMPLOYEES_RECORD</td>
<td><div><pre>java.lang.AssertionError: expected [gzip] but found [null]
	at com.employeeapi.testcases.TC005_PUT_EMPLOYEES_RECORD.checkContentEncoding(TC005_PUT_EMPLOYEES_RECORD.java:64)
... Removed 31 stack frames</pre></div><a href='#' onClick='toggleBox("stack-trace954928973", this, "Click to show all stack frames", "Click to hide stack frames")'>Click to show all stack frames</a>
<div class='stack-trace' id='stack-trace954928973'><pre>java.lang.AssertionError: expected [gzip] but found [null]
	at org.testng.Assert.fail(Assert.java:94)
	at org.testng.Assert.failNotEquals(Assert.java:513)
	at org.testng.Assert.assertEqualsImpl(Assert.java:130)
	at org.testng.Assert.assertEquals(Assert.java:116)
	at org.testng.Assert.assertEquals(Assert.java:190)
	at org.testng.Assert.assertEquals(Assert.java:200)
	at com.employeeapi.testcases.TC005_PUT_EMPLOYEES_RECORD.checkContentEncoding(TC005_PUT_EMPLOYEES_RECORD.java:64)
	at java.base/jdk.internal.reflect.NativeMethodAccessorImpl.invoke0(Native Method)
	at java.base/jdk.internal.reflect.NativeMethodAccessorImpl.invoke(NativeMethodAccessorImpl.java:62)
	at java.base/jdk.internal.reflect.DelegatingMethodAccessorImpl.invoke(DelegatingMethodAccessorImpl.java:43)
	at java.base/java.lang.reflect.Method.invoke(Method.java:566)
	at org.testng.internal.MethodInvocationHelper.invokeMethod(MethodInvocationHelper.java:104)
	at org.testng.internal.Invoker.invokeMethod(Invoker.java:645)
	at org.testng.internal.Invoker.invokeTestMethod(Invoker.java:851)
	at org.testng.internal.Invoker.invokeTestMethods(Invoker.java:1177)
	at org.testng.internal.TestMethodWorker.invokeTestMethods(TestMethodWorker.java:129)
	at org.testng.internal.TestMethodWorker.run(TestMethodWorker.java:112)
	at org.testng.TestRunner.privateRun(TestRunner.java:756)
	at org.testng.TestRunner.run(TestRunner.java:610)
	at org.testng.SuiteRunner.runTest(SuiteRunner.java:387)
	at org.testng.SuiteRunner.runSequentially(SuiteRunner.java:382)
	at org.testng.SuiteRunner.privateRun(SuiteRunner.java:340)
	at org.testng.SuiteRunner.run(SuiteRunner.java:289)
	at org.testng.SuiteRunnerWorker.runSuite(SuiteRunnerWorker.java:52)
	at org.testng.SuiteRunnerWorker.run(SuiteRunnerWorker.java:86)
	at org.testng.TestNG.runSuitesSequentially(TestNG.java:1293)
	at org.testng.TestNG.runSuitesLocally(TestNG.java:1218)
	at org.testng.TestNG.runSuites(TestNG.java:1133)
	at org.testng.TestNG.run(TestNG.java:1104)
	at org.testng.remote.AbstractRemoteTestNG.run(AbstractRemoteTestNG.java:115)
	at org.testng.remote.RemoteTestNG.initAndRun(RemoteTestNG.java:251)
	at org.testng.remote.RemoteTestNG.main(RemoteTestNG.java:77)
</pre></div></td>
<td>0</td>
<td>com.employeeapi.testcases.TC005_PUT_EMPLOYEES_RECORD@2362f559</td></tr>
<tr>
<td title='com.employeeapi.testcases.TC001_GET_ALL_EMPLOYEES.checkContentLength()'><b>checkContentLength</b><br>Test class: com.employeeapi.testcases.TC001_GET_ALL_EMPLOYEES</td>
<td><div><pre>java.lang.NumberFormatException: null
	at java.base/java.lang.Integer.parseInt(Integer.java:614)
	at java.base/java.lang.Integer.parseInt(Integer.java:770)
	at com.employeeapi.testcases.TC001_GET_ALL_EMPLOYEES.checkContentLength(TC001_GET_ALL_EMPLOYEES.java:66)
... Removed 25 stack frames</pre></div><a href='#' onClick='toggleBox("stack-trace837946527", this, "Click to show all stack frames", "Click to hide stack frames")'>Click to show all stack frames</a>
<div class='stack-trace' id='stack-trace837946527'><pre>java.lang.NumberFormatException: null
	at java.base/java.lang.Integer.parseInt(Integer.java:614)
	at java.base/java.lang.Integer.parseInt(Integer.java:770)
	at com.employeeapi.testcases.TC001_GET_ALL_EMPLOYEES.checkContentLength(TC001_GET_ALL_EMPLOYEES.java:66)
	at java.base/jdk.internal.reflect.NativeMethodAccessorImpl.invoke0(Native Method)
	at java.base/jdk.internal.reflect.NativeMethodAccessorImpl.invoke(NativeMethodAccessorImpl.java:62)
	at java.base/jdk.internal.reflect.DelegatingMethodAccessorImpl.invoke(DelegatingMethodAccessorImpl.java:43)
	at java.base/java.lang.reflect.Method.invoke(Method.java:566)
	at org.testng.internal.MethodInvocationHelper.invokeMethod(MethodInvocationHelper.java:104)
	at org.testng.internal.Invoker.invokeMethod(Invoker.java:645)
	at org.testng.internal.Invoker.invokeTestMethod(Invoker.java:851)
	at org.testng.internal.Invoker.invokeTestMethods(Invoker.java:1177)
	at org.testng.internal.TestMethodWorker.invokeTestMethods(TestMethodWorker.java:129)
	at org.testng.internal.TestMethodWorker.run(TestMethodWorker.java:112)
	at org.testng.TestRunner.privateRun(TestRunner.java:756)
	at org.testng.TestRunner.run(TestRunner.java:610)
	at org.testng.SuiteRunner.runTest(SuiteRunner.java:387)
	at org.testng.SuiteRunner.runSequentially(SuiteRunner.java:382)
	at org.testng.SuiteRunner.privateRun(SuiteRunner.java:340)
	at org.testng.SuiteRunner.run(SuiteRunner.java:289)
	at org.testng.SuiteRunnerWorker.runSuite(SuiteRunnerWorker.java:52)
	at org.testng.SuiteRunnerWorker.run(SuiteRunnerWorker.java:86)
	at org.testng.TestNG.runSuitesSequentially(TestNG.java:1293)
	at org.testng.TestNG.runSuitesLocally(TestNG.java:1218)
	at org.testng.TestNG.runSuites(TestNG.java:1133)
	at org.testng.TestNG.run(TestNG.java:1104)
	at org.testng.remote.AbstractRemoteTestNG.run(AbstractRemoteTestNG.java:115)
	at org.testng.remote.RemoteTestNG.initAndRun(RemoteTestNG.java:251)
	at org.testng.remote.RemoteTestNG.main(RemoteTestNG.java:77)
</pre></div></td>
<td>0</td>
<td>com.employeeapi.testcases.TC001_GET_ALL_EMPLOYEES@6ad82709</td></tr>
<tr>
<td title='com.employeeapi.testcases.TC003_POST_EMPLOYEES_RECORD.checkContentType()'><b>checkContentType</b><br>Test class: com.employeeapi.testcases.TC003_POST_EMPLOYEES_RECORD</td>
<td><div><pre>java.lang.AssertionError: expected [text/html;charset=UTF-8] but found [text/html; charset=UTF-8]
	at com.employeeapi.testcases.TC003_POST_EMPLOYEES_RECORD.checkContentType(TC003_POST_EMPLOYEES_RECORD.java:66)
... Removed 31 stack frames</pre></div><a href='#' onClick='toggleBox("stack-trace2092450685", this, "Click to show all stack frames", "Click to hide stack frames")'>Click to show all stack frames</a>
<div class='stack-trace' id='stack-trace2092450685'><pre>java.lang.AssertionError: expected [text/html;charset=UTF-8] but found [text/html; charset=UTF-8]
	at org.testng.Assert.fail(Assert.java:94)
	at org.testng.Assert.failNotEquals(Assert.java:513)
	at org.testng.Assert.assertEqualsImpl(Assert.java:135)
	at org.testng.Assert.assertEquals(Assert.java:116)
	at org.testng.Assert.assertEquals(Assert.java:190)
	at org.testng.Assert.assertEquals(Assert.java:200)
	at com.employeeapi.testcases.TC003_POST_EMPLOYEES_RECORD.checkContentType(TC003_POST_EMPLOYEES_RECORD.java:66)
	at java.base/jdk.internal.reflect.NativeMethodAccessorImpl.invoke0(Native Method)
	at java.base/jdk.internal.reflect.NativeMethodAccessorImpl.invoke(NativeMethodAccessorImpl.java:62)
	at java.base/jdk.internal.reflect.DelegatingMethodAccessorImpl.invoke(DelegatingMethodAccessorImpl.java:43)
	at java.base/java.lang.reflect.Method.invoke(Method.java:566)
	at org.testng.internal.MethodInvocationHelper.invokeMethod(MethodInvocationHelper.java:104)
	at org.testng.internal.Invoker.invokeMethod(Invoker.java:645)
	at org.testng.internal.Invoker.invokeTestMethod(Invoker.java:851)
	at org.testng.internal.Invoker.invokeTestMethods(Invoker.java:1177)
	at org.testng.internal.TestMethodWorker.invokeTestMethods(TestMethodWorker.java:129)
	at org.testng.internal.TestMethodWorker.run(TestMethodWorker.java:112)
	at org.testng.TestRunner.privateRun(TestRunner.java:756)
	at org.testng.TestRunner.run(TestRunner.java:610)
	at org.testng.SuiteRunner.runTest(SuiteRunner.java:387)
	at org.testng.SuiteRunner.runSequentially(SuiteRunner.java:382)
	at org.testng.SuiteRunner.privateRun(SuiteRunner.java:340)
	at org.testng.SuiteRunner.run(SuiteRunner.java:289)
	at org.testng.SuiteRunnerWorker.runSuite(SuiteRunnerWorker.java:52)
	at org.testng.SuiteRunnerWorker.run(SuiteRunnerWorker.java:86)
	at org.testng.TestNG.runSuitesSequentially(TestNG.java:1293)
	at org.testng.TestNG.runSuitesLocally(TestNG.java:1218)
	at org.testng.TestNG.runSuites(TestNG.java:1133)
	at org.testng.TestNG.run(TestNG.java:1104)
	at org.testng.remote.AbstractRemoteTestNG.run(AbstractRemoteTestNG.java:115)
	at org.testng.remote.RemoteTestNG.initAndRun(RemoteTestNG.java:251)
	at org.testng.remote.RemoteTestNG.main(RemoteTestNG.java:77)
</pre></div></td>
<td>0</td>
<td>com.employeeapi.testcases.TC003_POST_EMPLOYEES_RECORD@7817fd62</td></tr>
<tr>
<td title='com.employeeapi.testcases.TC005_PUT_EMPLOYEES_RECORD.checkContentType()'><b>checkContentType</b><br>Test class: com.employeeapi.testcases.TC005_PUT_EMPLOYEES_RECORD</td>
<td><div><pre>java.lang.AssertionError: expected [text/html;charset=UTF-8] but found [text/html; charset=UTF-8]
	at com.employeeapi.testcases.TC005_PUT_EMPLOYEES_RECORD.checkContentType(TC005_PUT_EMPLOYEES_RECORD.java:50)
... Removed 31 stack frames</pre></div><a href='#' onClick='toggleBox("stack-trace364266169", this, "Click to show all stack frames", "Click to hide stack frames")'>Click to show all stack frames</a>
<div class='stack-trace' id='stack-trace364266169'><pre>java.lang.AssertionError: expected [text/html;charset=UTF-8] but found [text/html; charset=UTF-8]
	at org.testng.Assert.fail(Assert.java:94)
	at org.testng.Assert.failNotEquals(Assert.java:513)
	at org.testng.Assert.assertEqualsImpl(Assert.java:135)
	at org.testng.Assert.assertEquals(Assert.java:116)
	at org.testng.Assert.assertEquals(Assert.java:190)
	at org.testng.Assert.assertEquals(Assert.java:200)
	at com.employeeapi.testcases.TC005_PUT_EMPLOYEES_RECORD.checkContentType(TC005_PUT_EMPLOYEES_RECORD.java:50)
	at java.base/jdk.internal.reflect.NativeMethodAccessorImpl.invoke0(Native Method)
	at java.base/jdk.internal.reflect.NativeMethodAccessorImpl.invoke(NativeMethodAccessorImpl.java:62)
	at java.base/jdk.internal.reflect.DelegatingMethodAccessorImpl.invoke(DelegatingMethodAccessorImpl.java:43)
	at java.base/java.lang.reflect.Method.invoke(Method.java:566)
	at org.testng.internal.MethodInvocationHelper.invokeMethod(MethodInvocationHelper.java:104)
	at org.testng.internal.Invoker.invokeMethod(Invoker.java:645)
	at org.testng.internal.Invoker.invokeTestMethod(Invoker.java:851)
	at org.testng.internal.Invoker.invokeTestMethods(Invoker.java:1177)
	at org.testng.internal.TestMethodWorker.invokeTestMethods(TestMethodWorker.java:129)
	at org.testng.internal.TestMethodWorker.run(TestMethodWorker.java:112)
	at org.testng.TestRunner.privateRun(TestRunner.java:756)
	at org.testng.TestRunner.run(TestRunner.java:610)
	at org.testng.SuiteRunner.runTest(SuiteRunner.java:387)
	at org.testng.SuiteRunner.runSequentially(SuiteRunner.java:382)
	at org.testng.SuiteRunner.privateRun(SuiteRunner.java:340)
	at org.testng.SuiteRunner.run(SuiteRunner.java:289)
	at org.testng.SuiteRunnerWorker.runSuite(SuiteRunnerWorker.java:52)
	at org.testng.SuiteRunnerWorker.run(SuiteRunnerWorker.java:86)
	at org.testng.TestNG.runSuitesSequentially(TestNG.java:1293)
	at org.testng.TestNG.runSuitesLocally(TestNG.java:1218)
	at org.testng.TestNG.runSuites(TestNG.java:1133)
	at org.testng.TestNG.run(TestNG.java:1104)
	at org.testng.remote.AbstractRemoteTestNG.run(AbstractRemoteTestNG.java:115)
	at org.testng.remote.RemoteTestNG.initAndRun(RemoteTestNG.java:251)
	at org.testng.remote.RemoteTestNG.main(RemoteTestNG.java:77)
</pre></div></td>
<td>0</td>
<td>com.employeeapi.testcases.TC005_PUT_EMPLOYEES_RECORD@2362f559</td></tr>
<tr>
<td title='com.employeeapi.testcases.TC004_PUT_EMPLOYEES_RECORD.checkResponseBody()'><b>checkResponseBody</b><br>Test class: com.employeeapi.testcases.TC004_PUT_EMPLOYEES_RECORD</td>
<td><div><pre>java.lang.AssertionError: expected [true] but found [false]
	at com.employeeapi.testcases.TC004_PUT_EMPLOYEES_RECORD.checkResponseBody(TC004_PUT_EMPLOYEES_RECORD.java:40)
... Removed 31 stack frames</pre></div><a href='#' onClick='toggleBox("stack-trace1649026294", this, "Click to show all stack frames", "Click to hide stack frames")'>Click to show all stack frames</a>
<div class='stack-trace' id='stack-trace1649026294'><pre>java.lang.AssertionError: expected [true] but found [false]
	at org.testng.Assert.fail(Assert.java:94)
	at org.testng.Assert.failNotEquals(Assert.java:513)
	at org.testng.Assert.assertEqualsImpl(Assert.java:135)
	at org.testng.Assert.assertEquals(Assert.java:116)
	at org.testng.Assert.assertEquals(Assert.java:305)
	at org.testng.Assert.assertEquals(Assert.java:315)
	at com.employeeapi.testcases.TC004_PUT_EMPLOYEES_RECORD.checkResponseBody(TC004_PUT_EMPLOYEES_RECORD.java:40)
	at java.base/jdk.internal.reflect.NativeMethodAccessorImpl.invoke0(Native Method)
	at java.base/jdk.internal.reflect.NativeMethodAccessorImpl.invoke(NativeMethodAccessorImpl.java:62)
	at java.base/jdk.internal.reflect.DelegatingMethodAccessorImpl.invoke(DelegatingMethodAccessorImpl.java:43)
	at java.base/java.lang.reflect.Method.invoke(Method.java:566)
	at org.testng.internal.MethodInvocationHelper.invokeMethod(MethodInvocationHelper.java:104)
	at org.testng.internal.Invoker.invokeMethod(Invoker.java:645)
	at org.testng.internal.Invoker.invokeTestMethod(Invoker.java:851)
	at org.testng.internal.Invoker.invokeTestMethods(Invoker.java:1177)
	at org.testng.internal.TestMethodWorker.invokeTestMethods(TestMethodWorker.java:129)
	at org.testng.internal.TestMethodWorker.run(TestMethodWorker.java:112)
	at org.testng.TestRunner.privateRun(TestRunner.java:756)
	at org.testng.TestRunner.run(TestRunner.java:610)
	at org.testng.SuiteRunner.runTest(SuiteRunner.java:387)
	at org.testng.SuiteRunner.runSequentially(SuiteRunner.java:382)
	at org.testng.SuiteRunner.privateRun(SuiteRunner.java:340)
	at org.testng.SuiteRunner.run(SuiteRunner.java:289)
	at org.testng.SuiteRunnerWorker.runSuite(SuiteRunnerWorker.java:52)
	at org.testng.SuiteRunnerWorker.run(SuiteRunnerWorker.java:86)
	at org.testng.TestNG.runSuitesSequentially(TestNG.java:1293)
	at org.testng.TestNG.runSuitesLocally(TestNG.java:1218)
	at org.testng.TestNG.runSuites(TestNG.java:1133)
	at org.testng.TestNG.run(TestNG.java:1104)
	at org.testng.remote.AbstractRemoteTestNG.run(AbstractRemoteTestNG.java:115)
	at org.testng.remote.RemoteTestNG.initAndRun(RemoteTestNG.java:251)
	at org.testng.remote.RemoteTestNG.main(RemoteTestNG.java:77)
</pre></div></td>
<td>0</td>
<td>com.employeeapi.testcases.TC004_PUT_EMPLOYEES_RECORD@8297b3a</td></tr>
<tr>
<td title='com.employeeapi.testcases.TC001_GET_ALL_EMPLOYEES.checkResponseTime()'><b>checkResponseTime</b><br>Test class: com.employeeapi.testcases.TC001_GET_ALL_EMPLOYEES</td>
<td><div><pre>java.lang.AssertionError
	at org.junit.Assert.fail(Assert.java:92)
	at org.junit.Assert.assertTrue(Assert.java:43)
	at org.junit.Assert.assertTrue(Assert.java:54)
	at com.employeeapi.testcases.TC001_GET_ALL_EMPLOYEES.checkResponseTime(TC001_GET_ALL_EMPLOYEES.java:49)
... Removed 25 stack frames</pre></div><a href='#' onClick='toggleBox("stack-trace1562090557", this, "Click to show all stack frames", "Click to hide stack frames")'>Click to show all stack frames</a>
<div class='stack-trace' id='stack-trace1562090557'><pre>java.lang.AssertionError
	at org.junit.Assert.fail(Assert.java:92)
	at org.junit.Assert.assertTrue(Assert.java:43)
	at org.junit.Assert.assertTrue(Assert.java:54)
	at com.employeeapi.testcases.TC001_GET_ALL_EMPLOYEES.checkResponseTime(TC001_GET_ALL_EMPLOYEES.java:49)
	at java.base/jdk.internal.reflect.NativeMethodAccessorImpl.invoke0(Native Method)
	at java.base/jdk.internal.reflect.NativeMethodAccessorImpl.invoke(NativeMethodAccessorImpl.java:62)
	at java.base/jdk.internal.reflect.DelegatingMethodAccessorImpl.invoke(DelegatingMethodAccessorImpl.java:43)
	at java.base/java.lang.reflect.Method.invoke(Method.java:566)
	at org.testng.internal.MethodInvocationHelper.invokeMethod(MethodInvocationHelper.java:104)
	at org.testng.internal.Invoker.invokeMethod(Invoker.java:645)
	at org.testng.internal.Invoker.invokeTestMethod(Invoker.java:851)
	at org.testng.internal.Invoker.invokeTestMethods(Invoker.java:1177)
	at org.testng.internal.TestMethodWorker.invokeTestMethods(TestMethodWorker.java:129)
	at org.testng.internal.TestMethodWorker.run(TestMethodWorker.java:112)
	at org.testng.TestRunner.privateRun(TestRunner.java:756)
	at org.testng.TestRunner.run(TestRunner.java:610)
	at org.testng.SuiteRunner.runTest(SuiteRunner.java:387)
	at org.testng.SuiteRunner.runSequentially(SuiteRunner.java:382)
	at org.testng.SuiteRunner.privateRun(SuiteRunner.java:340)
	at org.testng.SuiteRunner.run(SuiteRunner.java:289)
	at org.testng.SuiteRunnerWorker.runSuite(SuiteRunnerWorker.java:52)
	at org.testng.SuiteRunnerWorker.run(SuiteRunnerWorker.java:86)
	at org.testng.TestNG.runSuitesSequentially(TestNG.java:1293)
	at org.testng.TestNG.runSuitesLocally(TestNG.java:1218)
	at org.testng.TestNG.runSuites(TestNG.java:1133)
	at org.testng.TestNG.run(TestNG.java:1104)
	at org.testng.remote.AbstractRemoteTestNG.run(AbstractRemoteTestNG.java:115)
	at org.testng.remote.RemoteTestNG.initAndRun(RemoteTestNG.java:251)
	at org.testng.remote.RemoteTestNG.main(RemoteTestNG.java:77)
</pre></div></td>
<td>0</td>
<td>com.employeeapi.testcases.TC001_GET_ALL_EMPLOYEES@6ad82709</td></tr>
<tr>
<td title='com.employeeapi.testcases.TC003_POST_EMPLOYEES_RECORD.checkServerType()'><b>checkServerType</b><br>Test class: com.employeeapi.testcases.TC003_POST_EMPLOYEES_RECORD</td>
<td><div><pre>java.lang.AssertionError: expected [Apache] but found [null]
	at com.employeeapi.testcases.TC003_POST_EMPLOYEES_RECORD.checkServerType(TC003_POST_EMPLOYEES_RECORD.java:73)
... Removed 31 stack frames</pre></div><a href='#' onClick='toggleBox("stack-trace1336762904", this, "Click to show all stack frames", "Click to hide stack frames")'>Click to show all stack frames</a>
<div class='stack-trace' id='stack-trace1336762904'><pre>java.lang.AssertionError: expected [Apache] but found [null]
	at org.testng.Assert.fail(Assert.java:94)
	at org.testng.Assert.failNotEquals(Assert.java:513)
	at org.testng.Assert.assertEqualsImpl(Assert.java:130)
	at org.testng.Assert.assertEquals(Assert.java:116)
	at org.testng.Assert.assertEquals(Assert.java:190)
	at org.testng.Assert.assertEquals(Assert.java:200)
	at com.employeeapi.testcases.TC003_POST_EMPLOYEES_RECORD.checkServerType(TC003_POST_EMPLOYEES_RECORD.java:73)
	at java.base/jdk.internal.reflect.NativeMethodAccessorImpl.invoke0(Native Method)
	at java.base/jdk.internal.reflect.NativeMethodAccessorImpl.invoke(NativeMethodAccessorImpl.java:62)
	at java.base/jdk.internal.reflect.DelegatingMethodAccessorImpl.invoke(DelegatingMethodAccessorImpl.java:43)
	at java.base/java.lang.reflect.Method.invoke(Method.java:566)
	at org.testng.internal.MethodInvocationHelper.invokeMethod(MethodInvocationHelper.java:104)
	at org.testng.internal.Invoker.invokeMethod(Invoker.java:645)
	at org.testng.internal.Invoker.invokeTestMethod(Invoker.java:851)
	at org.testng.internal.Invoker.invokeTestMethods(Invoker.java:1177)
	at org.testng.internal.TestMethodWorker.invokeTestMethods(TestMethodWorker.java:129)
	at org.testng.internal.TestMethodWorker.run(TestMethodWorker.java:112)
	at org.testng.TestRunner.privateRun(TestRunner.java:756)
	at org.testng.TestRunner.run(TestRunner.java:610)
	at org.testng.SuiteRunner.runTest(SuiteRunner.java:387)
	at org.testng.SuiteRunner.runSequentially(SuiteRunner.java:382)
	at org.testng.SuiteRunner.privateRun(SuiteRunner.java:340)
	at org.testng.SuiteRunner.run(SuiteRunner.java:289)
	at org.testng.SuiteRunnerWorker.runSuite(SuiteRunnerWorker.java:52)
	at org.testng.SuiteRunnerWorker.run(SuiteRunnerWorker.java:86)
	at org.testng.TestNG.runSuitesSequentially(TestNG.java:1293)
	at org.testng.TestNG.runSuitesLocally(TestNG.java:1218)
	at org.testng.TestNG.runSuites(TestNG.java:1133)
	at org.testng.TestNG.run(TestNG.java:1104)
	at org.testng.remote.AbstractRemoteTestNG.run(AbstractRemoteTestNG.java:115)
	at org.testng.remote.RemoteTestNG.initAndRun(RemoteTestNG.java:251)
	at org.testng.remote.RemoteTestNG.main(RemoteTestNG.java:77)
</pre></div></td>
<td>0</td>
<td>com.employeeapi.testcases.TC003_POST_EMPLOYEES_RECORD@7817fd62</td></tr>
<tr>
<td title='com.employeeapi.testcases.TC004_PUT_EMPLOYEES_RECORD.checkServerType()'><b>checkServerType</b><br>Test class: com.employeeapi.testcases.TC004_PUT_EMPLOYEES_RECORD</td>
<td><div><pre>java.lang.AssertionError: expected [Apache] but found [null]
	at com.employeeapi.testcases.TC004_PUT_EMPLOYEES_RECORD.checkServerType(TC004_PUT_EMPLOYEES_RECORD.java:67)
... Removed 31 stack frames</pre></div><a href='#' onClick='toggleBox("stack-trace864864095", this, "Click to show all stack frames", "Click to hide stack frames")'>Click to show all stack frames</a>
<div class='stack-trace' id='stack-trace864864095'><pre>java.lang.AssertionError: expected [Apache] but found [null]
	at org.testng.Assert.fail(Assert.java:94)
	at org.testng.Assert.failNotEquals(Assert.java:513)
	at org.testng.Assert.assertEqualsImpl(Assert.java:130)
	at org.testng.Assert.assertEquals(Assert.java:116)
	at org.testng.Assert.assertEquals(Assert.java:190)
	at org.testng.Assert.assertEquals(Assert.java:200)
	at com.employeeapi.testcases.TC004_PUT_EMPLOYEES_RECORD.checkServerType(TC004_PUT_EMPLOYEES_RECORD.java:67)
	at java.base/jdk.internal.reflect.NativeMethodAccessorImpl.invoke0(Native Method)
	at java.base/jdk.internal.reflect.NativeMethodAccessorImpl.invoke(NativeMethodAccessorImpl.java:62)
	at java.base/jdk.internal.reflect.DelegatingMethodAccessorImpl.invoke(DelegatingMethodAccessorImpl.java:43)
	at java.base/java.lang.reflect.Method.invoke(Method.java:566)
	at org.testng.internal.MethodInvocationHelper.invokeMethod(MethodInvocationHelper.java:104)
	at org.testng.internal.Invoker.invokeMethod(Invoker.java:645)
	at org.testng.internal.Invoker.invokeTestMethod(Invoker.java:851)
	at org.testng.internal.Invoker.invokeTestMethods(Invoker.java:1177)
	at org.testng.internal.TestMethodWorker.invokeTestMethods(TestMethodWorker.java:129)
	at org.testng.internal.TestMethodWorker.run(TestMethodWorker.java:112)
	at org.testng.TestRunner.privateRun(TestRunner.java:756)
	at org.testng.TestRunner.run(TestRunner.java:610)
	at org.testng.SuiteRunner.runTest(SuiteRunner.java:387)
	at org.testng.SuiteRunner.runSequentially(SuiteRunner.java:382)
	at org.testng.SuiteRunner.privateRun(SuiteRunner.java:340)
	at org.testng.SuiteRunner.run(SuiteRunner.java:289)
	at org.testng.SuiteRunnerWorker.runSuite(SuiteRunnerWorker.java:52)
	at org.testng.SuiteRunnerWorker.run(SuiteRunnerWorker.java:86)
	at org.testng.TestNG.runSuitesSequentially(TestNG.java:1293)
	at org.testng.TestNG.runSuitesLocally(TestNG.java:1218)
	at org.testng.TestNG.runSuites(TestNG.java:1133)
	at org.testng.TestNG.run(TestNG.java:1104)
	at org.testng.remote.AbstractRemoteTestNG.run(AbstractRemoteTestNG.java:115)
	at org.testng.remote.RemoteTestNG.initAndRun(RemoteTestNG.java:251)
	at org.testng.remote.RemoteTestNG.main(RemoteTestNG.java:77)
</pre></div></td>
<td>0</td>
<td>com.employeeapi.testcases.TC004_PUT_EMPLOYEES_RECORD@8297b3a</td></tr>
<tr>
<td title='com.employeeapi.testcases.TC005_PUT_EMPLOYEES_RECORD.checkServerType()'><b>checkServerType</b><br>Test class: com.employeeapi.testcases.TC005_PUT_EMPLOYEES_RECORD</td>
<td><div><pre>java.lang.AssertionError: expected [Apache] but found [null]
	at com.employeeapi.testcases.TC005_PUT_EMPLOYEES_RECORD.checkServerType(TC005_PUT_EMPLOYEES_RECORD.java:57)
... Removed 31 stack frames</pre></div><a href='#' onClick='toggleBox("stack-trace830083467", this, "Click to show all stack frames", "Click to hide stack frames")'>Click to show all stack frames</a>
<div class='stack-trace' id='stack-trace830083467'><pre>java.lang.AssertionError: expected [Apache] but found [null]
	at org.testng.Assert.fail(Assert.java:94)
	at org.testng.Assert.failNotEquals(Assert.java:513)
	at org.testng.Assert.assertEqualsImpl(Assert.java:130)
	at org.testng.Assert.assertEquals(Assert.java:116)
	at org.testng.Assert.assertEquals(Assert.java:190)
	at org.testng.Assert.assertEquals(Assert.java:200)
	at com.employeeapi.testcases.TC005_PUT_EMPLOYEES_RECORD.checkServerType(TC005_PUT_EMPLOYEES_RECORD.java:57)
	at java.base/jdk.internal.reflect.NativeMethodAccessorImpl.invoke0(Native Method)
	at java.base/jdk.internal.reflect.NativeMethodAccessorImpl.invoke(NativeMethodAccessorImpl.java:62)
	at java.base/jdk.internal.reflect.DelegatingMethodAccessorImpl.invoke(DelegatingMethodAccessorImpl.java:43)
	at java.base/java.lang.reflect.Method.invoke(Method.java:566)
	at org.testng.internal.MethodInvocationHelper.invokeMethod(MethodInvocationHelper.java:104)
	at org.testng.internal.Invoker.invokeMethod(Invoker.java:645)
	at org.testng.internal.Invoker.invokeTestMethod(Invoker.java:851)
	at org.testng.internal.Invoker.invokeTestMethods(Invoker.java:1177)
	at org.testng.internal.TestMethodWorker.invokeTestMethods(TestMethodWorker.java:129)
	at org.testng.internal.TestMethodWorker.run(TestMethodWorker.java:112)
	at org.testng.TestRunner.privateRun(TestRunner.java:756)
	at org.testng.TestRunner.run(TestRunner.java:610)
	at org.testng.SuiteRunner.runTest(SuiteRunner.java:387)
	at org.testng.SuiteRunner.runSequentially(SuiteRunner.java:382)
	at org.testng.SuiteRunner.privateRun(SuiteRunner.java:340)
	at org.testng.SuiteRunner.run(SuiteRunner.java:289)
	at org.testng.SuiteRunnerWorker.runSuite(SuiteRunnerWorker.java:52)
	at org.testng.SuiteRunnerWorker.run(SuiteRunnerWorker.java:86)
	at org.testng.TestNG.runSuitesSequentially(TestNG.java:1293)
	at org.testng.TestNG.runSuitesLocally(TestNG.java:1218)
	at org.testng.TestNG.runSuites(TestNG.java:1133)
	at org.testng.TestNG.run(TestNG.java:1104)
	at org.testng.remote.AbstractRemoteTestNG.run(AbstractRemoteTestNG.java:115)
	at org.testng.remote.RemoteTestNG.initAndRun(RemoteTestNG.java:251)
	at org.testng.remote.RemoteTestNG.main(RemoteTestNG.java:77)
</pre></div></td>
<td>0</td>
<td>com.employeeapi.testcases.TC005_PUT_EMPLOYEES_RECORD@2362f559</td></tr>
<tr>
<td title='com.employeeapi.testcases.TC002_GET_SINGLE_EMPLOYEE_RECORD.checkStatusCode()'><b>checkStatusCode</b><br>Test class: com.employeeapi.testcases.TC002_GET_SINGLE_EMPLOYEE_RECORD</td>
<td><div><pre>java.lang.AssertionError: expected:&lt;200&gt; but was:&lt;404&gt;
	at org.junit.Assert.fail(Assert.java:93)
	at org.junit.Assert.failNotEquals(Assert.java:647)
	at org.junit.Assert.assertEquals(Assert.java:128)
	at org.junit.Assert.assertEquals(Assert.java:472)
	at org.junit.Assert.assertEquals(Assert.java:456)
	at com.employeeapi.testcases.TC002_GET_SINGLE_EMPLOYEE_RECORD.checkStatusCode(TC002_GET_SINGLE_EMPLOYEE_RECORD.java:42)
... Removed 25 stack frames</pre></div><a href='#' onClick='toggleBox("stack-trace783218541", this, "Click to show all stack frames", "Click to hide stack frames")'>Click to show all stack frames</a>
<div class='stack-trace' id='stack-trace783218541'><pre>java.lang.AssertionError: expected:&lt;200&gt; but was:&lt;404&gt;
	at org.junit.Assert.fail(Assert.java:93)
	at org.junit.Assert.failNotEquals(Assert.java:647)
	at org.junit.Assert.assertEquals(Assert.java:128)
	at org.junit.Assert.assertEquals(Assert.java:472)
	at org.junit.Assert.assertEquals(Assert.java:456)
	at com.employeeapi.testcases.TC002_GET_SINGLE_EMPLOYEE_RECORD.checkStatusCode(TC002_GET_SINGLE_EMPLOYEE_RECORD.java:42)
	at java.base/jdk.internal.reflect.NativeMethodAccessorImpl.invoke0(Native Method)
	at java.base/jdk.internal.reflect.NativeMethodAccessorImpl.invoke(NativeMethodAccessorImpl.java:62)
	at java.base/jdk.internal.reflect.DelegatingMethodAccessorImpl.invoke(DelegatingMethodAccessorImpl.java:43)
	at java.base/java.lang.reflect.Method.invoke(Method.java:566)
	at org.testng.internal.MethodInvocationHelper.invokeMethod(MethodInvocationHelper.java:104)
	at org.testng.internal.Invoker.invokeMethod(Invoker.java:645)
	at org.testng.internal.Invoker.invokeTestMethod(Invoker.java:851)
	at org.testng.internal.Invoker.invokeTestMethods(Invoker.java:1177)
	at org.testng.internal.TestMethodWorker.invokeTestMethods(TestMethodWorker.java:129)
	at org.testng.internal.TestMethodWorker.run(TestMethodWorker.java:112)
	at org.testng.TestRunner.privateRun(TestRunner.java:756)
	at org.testng.TestRunner.run(TestRunner.java:610)
	at org.testng.SuiteRunner.runTest(SuiteRunner.java:387)
	at org.testng.SuiteRunner.runSequentially(SuiteRunner.java:382)
	at org.testng.SuiteRunner.privateRun(SuiteRunner.java:340)
	at org.testng.SuiteRunner.run(SuiteRunner.java:289)
	at org.testng.SuiteRunnerWorker.runSuite(SuiteRunnerWorker.java:52)
	at org.testng.SuiteRunnerWorker.run(SuiteRunnerWorker.java:86)
	at org.testng.TestNG.runSuitesSequentially(TestNG.java:1293)
	at org.testng.TestNG.runSuitesLocally(TestNG.java:1218)
	at org.testng.TestNG.runSuites(TestNG.java:1133)
	at org.testng.TestNG.run(TestNG.java:1104)
	at org.testng.remote.AbstractRemoteTestNG.run(AbstractRemoteTestNG.java:115)
	at org.testng.remote.RemoteTestNG.initAndRun(RemoteTestNG.java:251)
	at org.testng.remote.RemoteTestNG.main(RemoteTestNG.java:77)
</pre></div></td>
<td>0</td>
<td>com.employeeapi.testcases.TC002_GET_SINGLE_EMPLOYEE_RECORD@510f3d34</td></tr>
<tr>
<td title='com.employeeapi.testcases.TC005_PUT_EMPLOYEES_RECORD.checkStatusCode()'><b>checkStatusCode</b><br>Test class: com.employeeapi.testcases.TC005_PUT_EMPLOYEES_RECORD</td>
<td><div><pre>java.lang.AssertionError: expected [405] but found [200]
	at com.employeeapi.testcases.TC005_PUT_EMPLOYEES_RECORD.checkStatusCode(TC005_PUT_EMPLOYEES_RECORD.java:38)
... Removed 31 stack frames</pre></div><a href='#' onClick='toggleBox("stack-trace1901824111", this, "Click to show all stack frames", "Click to hide stack frames")'>Click to show all stack frames</a>
<div class='stack-trace' id='stack-trace1901824111'><pre>java.lang.AssertionError: expected [405] but found [200]
	at org.testng.Assert.fail(Assert.java:94)
	at org.testng.Assert.failNotEquals(Assert.java:513)
	at org.testng.Assert.assertEqualsImpl(Assert.java:135)
	at org.testng.Assert.assertEquals(Assert.java:116)
	at org.testng.Assert.assertEquals(Assert.java:389)
	at org.testng.Assert.assertEquals(Assert.java:399)
	at com.employeeapi.testcases.TC005_PUT_EMPLOYEES_RECORD.checkStatusCode(TC005_PUT_EMPLOYEES_RECORD.java:38)
	at java.base/jdk.internal.reflect.NativeMethodAccessorImpl.invoke0(Native Method)
	at java.base/jdk.internal.reflect.NativeMethodAccessorImpl.invoke(NativeMethodAccessorImpl.java:62)
	at java.base/jdk.internal.reflect.DelegatingMethodAccessorImpl.invoke(DelegatingMethodAccessorImpl.java:43)
	at java.base/java.lang.reflect.Method.invoke(Method.java:566)
	at org.testng.internal.MethodInvocationHelper.invokeMethod(MethodInvocationHelper.java:104)
	at org.testng.internal.Invoker.invokeMethod(Invoker.java:645)
	at org.testng.internal.Invoker.invokeTestMethod(Invoker.java:851)
	at org.testng.internal.Invoker.invokeTestMethods(Invoker.java:1177)
	at org.testng.internal.TestMethodWorker.invokeTestMethods(TestMethodWorker.java:129)
	at org.testng.internal.TestMethodWorker.run(TestMethodWorker.java:112)
	at org.testng.TestRunner.privateRun(TestRunner.java:756)
	at org.testng.TestRunner.run(TestRunner.java:610)
	at org.testng.SuiteRunner.runTest(SuiteRunner.java:387)
	at org.testng.SuiteRunner.runSequentially(SuiteRunner.java:382)
	at org.testng.SuiteRunner.privateRun(SuiteRunner.java:340)
	at org.testng.SuiteRunner.run(SuiteRunner.java:289)
	at org.testng.SuiteRunnerWorker.runSuite(SuiteRunnerWorker.java:52)
	at org.testng.SuiteRunnerWorker.run(SuiteRunnerWorker.java:86)
	at org.testng.TestNG.runSuitesSequentially(TestNG.java:1293)
	at org.testng.TestNG.runSuitesLocally(TestNG.java:1218)
	at org.testng.TestNG.runSuites(TestNG.java:1133)
	at org.testng.TestNG.run(TestNG.java:1104)
	at org.testng.remote.AbstractRemoteTestNG.run(AbstractRemoteTestNG.java:115)
	at org.testng.remote.RemoteTestNG.initAndRun(RemoteTestNG.java:251)
	at org.testng.remote.RemoteTestNG.main(RemoteTestNG.java:77)
</pre></div></td>
<td>0</td>
<td>com.employeeapi.testcases.TC005_PUT_EMPLOYEES_RECORD@2362f559</td></tr>
<tr>
<td title='com.employeeapi.testcases.TC002_GET_SINGLE_EMPLOYEE_RECORD.checkStatusLine()'><b>checkStatusLine</b><br>Test class: com.employeeapi.testcases.TC002_GET_SINGLE_EMPLOYEE_RECORD</td>
<td><div><pre>org.junit.ComparisonFailure: expected:&lt;HTTP/1.1 [200 OK]&gt; but was:&lt;HTTP/1.1 [404 Not Found]&gt;
	at org.junit.Assert.assertEquals(Assert.java:125)
	at org.junit.Assert.assertEquals(Assert.java:147)
	at com.employeeapi.testcases.TC002_GET_SINGLE_EMPLOYEE_RECORD.checkStatusLine(TC002_GET_SINGLE_EMPLOYEE_RECORD.java:62)
... Removed 25 stack frames</pre></div><a href='#' onClick='toggleBox("stack-trace1332208607", this, "Click to show all stack frames", "Click to hide stack frames")'>Click to show all stack frames</a>
<div class='stack-trace' id='stack-trace1332208607'><pre>org.junit.ComparisonFailure: expected:&lt;HTTP/1.1 [200 OK]&gt; but was:&lt;HTTP/1.1 [404 Not Found]&gt;
	at org.junit.Assert.assertEquals(Assert.java:125)
	at org.junit.Assert.assertEquals(Assert.java:147)
	at com.employeeapi.testcases.TC002_GET_SINGLE_EMPLOYEE_RECORD.checkStatusLine(TC002_GET_SINGLE_EMPLOYEE_RECORD.java:62)
	at java.base/jdk.internal.reflect.NativeMethodAccessorImpl.invoke0(Native Method)
	at java.base/jdk.internal.reflect.NativeMethodAccessorImpl.invoke(NativeMethodAccessorImpl.java:62)
	at java.base/jdk.internal.reflect.DelegatingMethodAccessorImpl.invoke(DelegatingMethodAccessorImpl.java:43)
	at java.base/java.lang.reflect.Method.invoke(Method.java:566)
	at org.testng.internal.MethodInvocationHelper.invokeMethod(MethodInvocationHelper.java:104)
	at org.testng.internal.Invoker.invokeMethod(Invoker.java:645)
	at org.testng.internal.Invoker.invokeTestMethod(Invoker.java:851)
	at org.testng.internal.Invoker.invokeTestMethods(Invoker.java:1177)
	at org.testng.internal.TestMethodWorker.invokeTestMethods(TestMethodWorker.java:129)
	at org.testng.internal.TestMethodWorker.run(TestMethodWorker.java:112)
	at org.testng.TestRunner.privateRun(TestRunner.java:756)
	at org.testng.TestRunner.run(TestRunner.java:610)
	at org.testng.SuiteRunner.runTest(SuiteRunner.java:387)
	at org.testng.SuiteRunner.runSequentially(SuiteRunner.java:382)
	at org.testng.SuiteRunner.privateRun(SuiteRunner.java:340)
	at org.testng.SuiteRunner.run(SuiteRunner.java:289)
	at org.testng.SuiteRunnerWorker.runSuite(SuiteRunnerWorker.java:52)
	at org.testng.SuiteRunnerWorker.run(SuiteRunnerWorker.java:86)
	at org.testng.TestNG.runSuitesSequentially(TestNG.java:1293)
	at org.testng.TestNG.runSuitesLocally(TestNG.java:1218)
	at org.testng.TestNG.runSuites(TestNG.java:1133)
	at org.testng.TestNG.run(TestNG.java:1104)
	at org.testng.remote.AbstractRemoteTestNG.run(AbstractRemoteTestNG.java:115)
	at org.testng.remote.RemoteTestNG.initAndRun(RemoteTestNG.java:251)
	at org.testng.remote.RemoteTestNG.main(RemoteTestNG.java:77)
</pre></div></td>
<td>0</td>
<td>com.employeeapi.testcases.TC002_GET_SINGLE_EMPLOYEE_RECORD@510f3d34</td></tr>
<tr>
<td title='com.employeeapi.testcases.TC005_PUT_EMPLOYEES_RECORD.checkStatusLine()'><b>checkStatusLine</b><br>Test class: com.employeeapi.testcases.TC005_PUT_EMPLOYEES_RECORD</td>
<td><div><pre>java.lang.AssertionError: expected [HTTP/1.1 405 Method Not Allowed] but found [HTTP/1.1 200 OK]
	at com.employeeapi.testcases.TC005_PUT_EMPLOYEES_RECORD.checkStatusLine(TC005_PUT_EMPLOYEES_RECORD.java:44)
... Removed 31 stack frames</pre></div><a href='#' onClick='toggleBox("stack-trace505756829", this, "Click to show all stack frames", "Click to hide stack frames")'>Click to show all stack frames</a>
<div class='stack-trace' id='stack-trace505756829'><pre>java.lang.AssertionError: expected [HTTP/1.1 405 Method Not Allowed] but found [HTTP/1.1 200 OK]
	at org.testng.Assert.fail(Assert.java:94)
	at org.testng.Assert.failNotEquals(Assert.java:513)
	at org.testng.Assert.assertEqualsImpl(Assert.java:135)
	at org.testng.Assert.assertEquals(Assert.java:116)
	at org.testng.Assert.assertEquals(Assert.java:190)
	at org.testng.Assert.assertEquals(Assert.java:200)
	at com.employeeapi.testcases.TC005_PUT_EMPLOYEES_RECORD.checkStatusLine(TC005_PUT_EMPLOYEES_RECORD.java:44)
	at java.base/jdk.internal.reflect.NativeMethodAccessorImpl.invoke0(Native Method)
	at java.base/jdk.internal.reflect.NativeMethodAccessorImpl.invoke(NativeMethodAccessorImpl.java:62)
	at java.base/jdk.internal.reflect.DelegatingMethodAccessorImpl.invoke(DelegatingMethodAccessorImpl.java:43)
	at java.base/java.lang.reflect.Method.invoke(Method.java:566)
	at org.testng.internal.MethodInvocationHelper.invokeMethod(MethodInvocationHelper.java:104)
	at org.testng.internal.Invoker.invokeMethod(Invoker.java:645)
	at org.testng.internal.Invoker.invokeTestMethod(Invoker.java:851)
	at org.testng.internal.Invoker.invokeTestMethods(Invoker.java:1177)
	at org.testng.internal.TestMethodWorker.invokeTestMethods(TestMethodWorker.java:129)
	at org.testng.internal.TestMethodWorker.run(TestMethodWorker.java:112)
	at org.testng.TestRunner.privateRun(TestRunner.java:756)
	at org.testng.TestRunner.run(TestRunner.java:610)
	at org.testng.SuiteRunner.runTest(SuiteRunner.java:387)
	at org.testng.SuiteRunner.runSequentially(SuiteRunner.java:382)
	at org.testng.SuiteRunner.privateRun(SuiteRunner.java:340)
	at org.testng.SuiteRunner.run(SuiteRunner.java:289)
	at org.testng.SuiteRunnerWorker.runSuite(SuiteRunnerWorker.java:52)
	at org.testng.SuiteRunnerWorker.run(SuiteRunnerWorker.java:86)
	at org.testng.TestNG.runSuitesSequentially(TestNG.java:1293)
	at org.testng.TestNG.runSuitesLocally(TestNG.java:1218)
	at org.testng.TestNG.runSuites(TestNG.java:1133)
	at org.testng.TestNG.run(TestNG.java:1104)
	at org.testng.remote.AbstractRemoteTestNG.run(AbstractRemoteTestNG.java:115)
	at org.testng.remote.RemoteTestNG.initAndRun(RemoteTestNG.java:251)
	at org.testng.remote.RemoteTestNG.main(RemoteTestNG.java:77)
</pre></div></td>
<td>0</td>
<td>com.employeeapi.testcases.TC005_PUT_EMPLOYEES_RECORD@2362f559</td></tr>
<tr>
<td title='com.employeeapi.testcases.TC002_GET_SINGLE_EMPLOYEE_RECORD.getResponseBody()'><b>getResponseBody</b><br>Test class: com.employeeapi.testcases.TC002_GET_SINGLE_EMPLOYEE_RECORD</td>
<td><div><pre>java.lang.AssertionError
	at org.junit.Assert.fail(Assert.java:92)
	at org.junit.Assert.assertTrue(Assert.java:43)
	at org.junit.Assert.assertTrue(Assert.java:54)
	at com.employeeapi.testcases.TC002_GET_SINGLE_EMPLOYEE_RECORD.getResponseBody(TC002_GET_SINGLE_EMPLOYEE_RECORD.java:34)
... Removed 25 stack frames</pre></div><a href='#' onClick='toggleBox("stack-trace1831717330", this, "Click to show all stack frames", "Click to hide stack frames")'>Click to show all stack frames</a>
<div class='stack-trace' id='stack-trace1831717330'><pre>java.lang.AssertionError
	at org.junit.Assert.fail(Assert.java:92)
	at org.junit.Assert.assertTrue(Assert.java:43)
	at org.junit.Assert.assertTrue(Assert.java:54)
	at com.employeeapi.testcases.TC002_GET_SINGLE_EMPLOYEE_RECORD.getResponseBody(TC002_GET_SINGLE_EMPLOYEE_RECORD.java:34)
	at java.base/jdk.internal.reflect.NativeMethodAccessorImpl.invoke0(Native Method)
	at java.base/jdk.internal.reflect.NativeMethodAccessorImpl.invoke(NativeMethodAccessorImpl.java:62)
	at java.base/jdk.internal.reflect.DelegatingMethodAccessorImpl.invoke(DelegatingMethodAccessorImpl.java:43)
	at java.base/java.lang.reflect.Method.invoke(Method.java:566)
	at org.testng.internal.MethodInvocationHelper.invokeMethod(MethodInvocationHelper.java:104)
	at org.testng.internal.Invoker.invokeMethod(Invoker.java:645)
	at org.testng.internal.Invoker.invokeTestMethod(Invoker.java:851)
	at org.testng.internal.Invoker.invokeTestMethods(Invoker.java:1177)
	at org.testng.internal.TestMethodWorker.invokeTestMethods(TestMethodWorker.java:129)
	at org.testng.internal.TestMethodWorker.run(TestMethodWorker.java:112)
	at org.testng.TestRunner.privateRun(TestRunner.java:756)
	at org.testng.TestRunner.run(TestRunner.java:610)
	at org.testng.SuiteRunner.runTest(SuiteRunner.java:387)
	at org.testng.SuiteRunner.runSequentially(SuiteRunner.java:382)
	at org.testng.SuiteRunner.privateRun(SuiteRunner.java:340)
	at org.testng.SuiteRunner.run(SuiteRunner.java:289)
	at org.testng.SuiteRunnerWorker.runSuite(SuiteRunnerWorker.java:52)
	at org.testng.SuiteRunnerWorker.run(SuiteRunnerWorker.java:86)
	at org.testng.TestNG.runSuitesSequentially(TestNG.java:1293)
	at org.testng.TestNG.runSuitesLocally(TestNG.java:1218)
	at org.testng.TestNG.runSuites(TestNG.java:1133)
	at org.testng.TestNG.run(TestNG.java:1104)
	at org.testng.remote.AbstractRemoteTestNG.run(AbstractRemoteTestNG.java:115)
	at org.testng.remote.RemoteTestNG.initAndRun(RemoteTestNG.java:251)
	at org.testng.remote.RemoteTestNG.main(RemoteTestNG.java:77)
</pre></div></td>
<td>0</td>
<td>com.employeeapi.testcases.TC002_GET_SINGLE_EMPLOYEE_RECORD@510f3d34</td></tr>
</table><p>
<table width='100%' border='1' class='invocation-passed'>
<tr><td colspan='4' align='center'><b>PASSED TESTS</b></td></tr>
<tr><td><b>Test method</b></td>
<td width="30%"><b>Exception</b></td>
<td width="10%"><b>Time (seconds)</b></td>
<td><b>Instance</b></td>
</tr>
<tr>
<td title='com.employeeapi.testcases.TC001_GET_ALL_EMPLOYEES.checResponseBody()'><b>checResponseBody</b><br>Test class: com.employeeapi.testcases.TC001_GET_ALL_EMPLOYEES</td>
<td></td>
<td>0</td>
<td>com.employeeapi.testcases.TC001_GET_ALL_EMPLOYEES@6ad82709</td></tr>
<tr>
<td title='com.employeeapi.testcases.TC001_GET_ALL_EMPLOYEES.checkContentEncoding()'><b>checkContentEncoding</b><br>Test class: com.employeeapi.testcases.TC001_GET_ALL_EMPLOYEES</td>
<td></td>
<td>0</td>
<td>com.employeeapi.testcases.TC001_GET_ALL_EMPLOYEES@6ad82709</td></tr>
<tr>
<td title='com.employeeapi.testcases.TC002_GET_SINGLE_EMPLOYEE_RECORD.checkContentEncoding()'><b>checkContentEncoding</b><br>Test class: com.employeeapi.testcases.TC002_GET_SINGLE_EMPLOYEE_RECORD</td>
<td></td>
<td>0</td>
<td>com.employeeapi.testcases.TC002_GET_SINGLE_EMPLOYEE_RECORD@510f3d34</td></tr>
<tr>
<td title='com.employeeapi.testcases.TC004_PUT_EMPLOYEES_RECORD.checkContentEncoding()'><b>checkContentEncoding</b><br>Test class: com.employeeapi.testcases.TC004_PUT_EMPLOYEES_RECORD</td>
<td></td>
<td>0</td>
<td>com.employeeapi.testcases.TC004_PUT_EMPLOYEES_RECORD@8297b3a</td></tr>
<tr>
<td title='com.employeeapi.testcases.TC002_GET_SINGLE_EMPLOYEE_RECORD.checkContentLength()'><b>checkContentLength</b><br>Test class: com.employeeapi.testcases.TC002_GET_SINGLE_EMPLOYEE_RECORD</td>
<td></td>
<td>0</td>
<td>com.employeeapi.testcases.TC002_GET_SINGLE_EMPLOYEE_RECORD@510f3d34</td></tr>
<tr>
<td title='com.employeeapi.testcases.TC004_PUT_EMPLOYEES_RECORD.checkContentType()'><b>checkContentType</b><br>Test class: com.employeeapi.testcases.TC004_PUT_EMPLOYEES_RECORD</td>
<td></td>
<td>0</td>
<td>com.employeeapi.testcases.TC004_PUT_EMPLOYEES_RECORD@8297b3a</td></tr>
<tr>
<td title='com.employeeapi.testcases.TC001_GET_ALL_EMPLOYEES.checkCookies()'><b>checkCookies</b><br>Test class: com.employeeapi.testcases.TC001_GET_ALL_EMPLOYEES</td>
<td></td>
<td>0</td>
<td>com.employeeapi.testcases.TC001_GET_ALL_EMPLOYEES@6ad82709</td></tr>
<tr>
<td title='com.employeeapi.testcases.TC002_GET_SINGLE_EMPLOYEE_RECORD.checkCookies()'><b>checkCookies</b><br>Test class: com.employeeapi.testcases.TC002_GET_SINGLE_EMPLOYEE_RECORD</td>
<td></td>
<td>0</td>
<td>com.employeeapi.testcases.TC002_GET_SINGLE_EMPLOYEE_RECORD@510f3d34</td></tr>
<tr>
<td title='com.employeeapi.testcases.TC003_POST_EMPLOYEES_RECORD.checkResponseBody()'><b>checkResponseBody</b><br>Test class: com.employeeapi.testcases.TC003_POST_EMPLOYEES_RECORD</td>
<td></td>
<td>0</td>
<td>com.employeeapi.testcases.TC003_POST_EMPLOYEES_RECORD@7817fd62</td></tr>
<tr>
<td title='com.employeeapi.testcases.TC002_GET_SINGLE_EMPLOYEE_RECORD.checkResponseTime()'><b>checkResponseTime</b><br>Test class: com.employeeapi.testcases.TC002_GET_SINGLE_EMPLOYEE_RECORD</td>
<td></td>
<td>0</td>
<td>com.employeeapi.testcases.TC002_GET_SINGLE_EMPLOYEE_RECORD@510f3d34</td></tr>
<tr>
<td title='com.employeeapi.testcases.TC001_GET_ALL_EMPLOYEES.checkServerType()'><b>checkServerType</b><br>Test class: com.employeeapi.testcases.TC001_GET_ALL_EMPLOYEES</td>
<td></td>
<td>0</td>
<td>com.employeeapi.testcases.TC001_GET_ALL_EMPLOYEES@6ad82709</td></tr>
<tr>
<td title='com.employeeapi.testcases.TC002_GET_SINGLE_EMPLOYEE_RECORD.checkServerType()'><b>checkServerType</b><br>Test class: com.employeeapi.testcases.TC002_GET_SINGLE_EMPLOYEE_RECORD</td>
<td></td>
<td>0</td>
<td>com.employeeapi.testcases.TC002_GET_SINGLE_EMPLOYEE_RECORD@510f3d34</td></tr>
<tr>
<td title='com.employeeapi.testcases.TC001_GET_ALL_EMPLOYEES.checkStatusCode()'><b>checkStatusCode</b><br>Test class: com.employeeapi.testcases.TC001_GET_ALL_EMPLOYEES</td>
<td></td>
<td>0</td>
<td>com.employeeapi.testcases.TC001_GET_ALL_EMPLOYEES@6ad82709</td></tr>
<tr>
<td title='com.employeeapi.testcases.TC003_POST_EMPLOYEES_RECORD.checkStatusCode()'><b>checkStatusCode</b><br>Test class: com.employeeapi.testcases.TC003_POST_EMPLOYEES_RECORD</td>
<td></td>
<td>0</td>
<td>com.employeeapi.testcases.TC003_POST_EMPLOYEES_RECORD@7817fd62</td></tr>
<tr>
<td title='com.employeeapi.testcases.TC004_PUT_EMPLOYEES_RECORD.checkStatusCode()'><b>checkStatusCode</b><br>Test class: com.employeeapi.testcases.TC004_PUT_EMPLOYEES_RECORD</td>
<td></td>
<td>0</td>
<td>com.employeeapi.testcases.TC004_PUT_EMPLOYEES_RECORD@8297b3a</td></tr>
<tr>
<td title='com.employeeapi.testcases.TC001_GET_ALL_EMPLOYEES.checkStatusLine()'><b>checkStatusLine</b><br>Test class: com.employeeapi.testcases.TC001_GET_ALL_EMPLOYEES</td>
<td></td>
<td>0</td>
<td>com.employeeapi.testcases.TC001_GET_ALL_EMPLOYEES@6ad82709</td></tr>
<tr>
<td title='com.employeeapi.testcases.TC003_POST_EMPLOYEES_RECORD.checkStatusLine()'><b>checkStatusLine</b><br>Test class: com.employeeapi.testcases.TC003_POST_EMPLOYEES_RECORD</td>
<td></td>
<td>0</td>
<td>com.employeeapi.testcases.TC003_POST_EMPLOYEES_RECORD@7817fd62</td></tr>
<tr>
<td title='com.employeeapi.testcases.TC004_PUT_EMPLOYEES_RECORD.checkStatusLine()'><b>checkStatusLine</b><br>Test class: com.employeeapi.testcases.TC004_PUT_EMPLOYEES_RECORD</td>
<td></td>
<td>0</td>
<td>com.employeeapi.testcases.TC004_PUT_EMPLOYEES_RECORD@8297b3a</td></tr>
</table><p>
</body>
</html>